stdio    D         file_stdio.c:110  file_stdio_fopen                 [   0.00000] opening C:\Users\Miguel\Desktop\Transformice\Debug\allegro5.cfg r
system   D            wsystem.c:802  maybe_parent_dir                 [   0.00000] Also searching C:\Users\Miguel\Desktop\Transformice\
system   D            wsystem.c:852  _al_win_safe_load_library        [   0.00000] PathFindOnPath found: C:\Windows\system32\shcore.dll
system   D            wsystem.c:763  load_library_at_path             [   0.00000] Calling LoadLibrary C:\Windows\system32\shcore.dll
system   I            wsystem.c:766  load_library_at_path             [   0.00000] Loaded C:\Windows\system32\shcore.dll
system   I             system.c:267  al_install_system                [   0.00000] Allegro version: 5.2.5
system   D            wsystem.c:802  maybe_parent_dir                 [   0.00089] Also searching C:\Users\Miguel\Desktop\Transformice\
system   D            wsystem.c:852  _al_win_safe_load_library        [   0.00102] PathFindOnPath found: C:\Windows\system32\d3d9.dll
system   D            wsystem.c:763  load_library_at_path             [   0.00104] Calling LoadLibrary C:\Windows\system32\d3d9.dll
system   I            wsystem.c:766  load_library_at_path             [   0.00230] Loaded C:\Windows\system32\d3d9.dll
d3d      I         d3d_disp.cpp:674  d3d_init_display                 [   0.02364] Render-to-texture: 1
d3d      I         d3d_disp.cpp:1768 d3d_create_display_locked        [   0.02446] faux_fullscreen=0
d3d      D         d3d_disp.cpp:1769 d3d_create_display_locked        [   0.02448] al_display=032B68A8
d3d      D         d3d_disp.cpp:1770 d3d_create_display_locked        [   0.02450] al_display->vt=01223D78
d3d      I d3d_display_formats.cpp:144  _al_d3d_generate_display_format_list [   0.02917] found 160 format combinations
display  D   display_settings.c:212  debug_display_settings           [   0.02920] color: 32 (rgba 8880), depth: 0, stencil: 0, acc: 0000, samples: 0/0
display  D   display_settings.c:527  _al_score_display_settings       [   0.02923] Score is : 897
display  D   display_settings.c:212  debug_display_settings           [   0.02924] color: 32 (rgba 8880), depth: 0, stencil: 0, acc: 0000, samples: 0/0
display  D   display_settings.c:527  _al_score_display_settings       [   0.02926] Score is : 897
display  D   display_settings.c:212  debug_display_settings           [   0.02927] color: 32 (rgba 8880), depth: 0, stencil: 0, acc: 0000, samples: 2/1
display  D   display_settings.c:527  _al_score_display_settings       [   0.02929] Score is : 726
display  D   display_settings.c:212  debug_display_settings           [   0.02930] color: 32 (rgba 8880), depth: 0, stencil: 0, acc: 0000, samples: 3/1
display  D   display_settings.c:527  _al_score_display_settings       [   0.02932] Score is : 721
display  D   display_settings.c:212  debug_display_settings           [   0.02933] color: 32 (rgba 8880), depth: 0, stencil: 0, acc: 0000, samples: 4/1
display  D   display_settings.c:527  _al_score_display_settings       [   0.02935] Score is : 717
display  D   display_settings.c:212  debug_display_settings           [   0.02936] color: 32 (rgba 8880), depth: 24, stencil: 8, acc: 0000, samples: 0/0
display  D   display_settings.c:527  _al_score_display_settings       [   0.02938] Score is : 897
display  D   display_settings.c:212  debug_display_settings           [   0.02939] color: 32 (rgba 8880), depth: 24, stencil: 8, acc: 0000, samples: 0/0
display  D   display_settings.c:527  _al_score_display_settings       [   0.02941] Score is : 897
display  D   display_settings.c:212  debug_display_settings           [   0.02942] color: 32 (rgba 8880), depth: 24, stencil: 8, acc: 0000, samples: 2/1
display  D   display_settings.c:527  _al_score_display_settings       [   0.02944] Score is : 726
display  D   display_settings.c:212  debug_display_settings           [   0.02945] color: 32 (rgba 8880), depth: 24, stencil: 8, acc: 0000, samples: 3/1
display  D   display_settings.c:527  _al_score_display_settings       [   0.02947] Score is : 721
display  D   display_settings.c:212  debug_display_settings           [   0.02951] color: 32 (rgba 8880), depth: 24, stencil: 8, acc: 0000, samples: 4/1
display  D   display_settings.c:527  _al_score_display_settings       [   0.02953] Score is : 717
display  D   display_settings.c:212  debug_display_settings           [   0.02954] color: 32 (rgba 8880), depth: 24, stencil: 0, acc: 0000, samples: 0/0
display  D   display_settings.c:527  _al_score_display_settings       [   0.02956] Score is : 897
display  D   display_settings.c:212  debug_display_settings           [   0.02957] color: 32 (rgba 8880), depth: 24, stencil: 0, acc: 0000, samples: 0/0
display  D   display_settings.c:527  _al_score_display_settings       [   0.02959] Score is : 897
display  D   display_settings.c:212  debug_display_settings           [   0.02960] color: 32 (rgba 8880), depth: 24, stencil: 0, acc: 0000, samples: 2/1
display  D   display_settings.c:527  _al_score_display_settings       [   0.02962] Score is : 726
display  D   display_settings.c:212  debug_display_settings           [   0.02963] color: 32 (rgba 8880), depth: 24, stencil: 0, acc: 0000, samples: 3/1
display  D   display_settings.c:527  _al_score_display_settings       [   0.02965] Score is : 721
display  D   display_settings.c:212  debug_display_settings           [   0.02966] color: 32 (rgba 8880), depth: 24, stencil: 0, acc: 0000, samples: 4/1
display  D   display_settings.c:527  _al_score_display_settings       [   0.02968] Score is : 717
display  D   display_settings.c:212  debug_display_settings           [   0.02969] color: 32 (rgba 8880), depth: 16, stencil: 0, acc: 0000, samples: 0/0
display  D   display_settings.c:527  _al_score_display_settings       [   0.02971] Score is : 897
display  D   display_settings.c:212  debug_display_settings           [   0.02972] color: 32 (rgba 8880), depth: 16, stencil: 0, acc: 0000, samples: 0/0
display  D   display_settings.c:527  _al_score_display_settings       [   0.02974] Score is : 897
display  D   display_settings.c:212  debug_display_settings           [   0.02975] color: 32 (rgba 8880), depth: 16, stencil: 0, acc: 0000, samples: 2/1
display  D   display_settings.c:527  _al_score_display_settings       [   0.02977] Score is : 726
display  D   display_settings.c:212  debug_display_settings           [   0.02978] color: 32 (rgba 8880), depth: 16, stencil: 0, acc: 0000, samples: 3/1
display  D   display_settings.c:527  _al_score_display_settings       [   0.02980] Score is : 721
display  D   display_settings.c:212  debug_display_settings           [   0.02981] color: 32 (rgba 8880), depth: 16, stencil: 0, acc: 0000, samples: 4/1
display  D   display_settings.c:527  _al_score_display_settings       [   0.02983] Score is : 717
display  D   display_settings.c:212  debug_display_settings           [   0.02984] color: 16 (rgba 5650), depth: 0, stencil: 0, acc: 0000, samples: 0/0
display  D   display_settings.c:527  _al_score_display_settings       [   0.02986] Score is : 897
display  D   display_settings.c:212  debug_display_settings           [   0.02987] color: 16 (rgba 5650), depth: 0, stencil: 0, acc: 0000, samples: 0/0
display  D   display_settings.c:527  _al_score_display_settings       [   0.02989] Score is : 897
display  D   display_settings.c:212  debug_display_settings           [   0.02990] color: 16 (rgba 5650), depth: 0, stencil: 0, acc: 0000, samples: 2/1
display  D   display_settings.c:527  _al_score_display_settings       [   0.02992] Score is : 726
display  D   display_settings.c:212  debug_display_settings           [   0.02994] color: 16 (rgba 5650), depth: 0, stencil: 0, acc: 0000, samples: 3/1
display  D   display_settings.c:527  _al_score_display_settings       [   0.02996] Score is : 721
display  D   display_settings.c:212  debug_display_settings           [   0.02997] color: 16 (rgba 5650), depth: 0, stencil: 0, acc: 0000, samples: 4/1
display  D   display_settings.c:527  _al_score_display_settings       [   0.02999] Score is : 717
display  D   display_settings.c:212  debug_display_settings           [   0.03000] color: 16 (rgba 5650), depth: 24, stencil: 8, acc: 0000, samples: 0/0
display  D   display_settings.c:527  _al_score_display_settings       [   0.03003] Score is : 897
display  D   display_settings.c:212  debug_display_settings           [   0.03005] color: 16 (rgba 5650), depth: 24, stencil: 8, acc: 0000, samples: 0/0
display  D   display_settings.c:527  _al_score_display_settings       [   0.03007] Score is : 897
display  D   display_settings.c:212  debug_display_settings           [   0.03008] color: 16 (rgba 5650), depth: 24, stencil: 8, acc: 0000, samples: 2/1
display  D   display_settings.c:527  _al_score_display_settings       [   0.03010] Score is : 726
display  D   display_settings.c:212  debug_display_settings           [   0.03011] color: 16 (rgba 5650), depth: 24, stencil: 8, acc: 0000, samples: 3/1
display  D   display_settings.c:527  _al_score_display_settings       [   0.03013] Score is : 721
display  D   display_settings.c:212  debug_display_settings           [   0.03014] color: 16 (rgba 5650), depth: 24, stencil: 8, acc: 0000, samples: 4/1
display  D   display_settings.c:527  _al_score_display_settings       [   0.03015] Score is : 717
display  D   display_settings.c:212  debug_display_settings           [   0.03017] color: 16 (rgba 5650), depth: 24, stencil: 0, acc: 0000, samples: 0/0
display  D   display_settings.c:527  _al_score_display_settings       [   0.03018] Score is : 897
display  D   display_settings.c:212  debug_display_settings           [   0.03020] color: 16 (rgba 5650), depth: 24, stencil: 0, acc: 0000, samples: 0/0
display  D   display_settings.c:527  _al_score_display_settings       [   0.03021] Score is : 897
display  D   display_settings.c:212  debug_display_settings           [   0.03023] color: 16 (rgba 5650), depth: 24, stencil: 0, acc: 0000, samples: 2/1
display  D   display_settings.c:527  _al_score_display_settings       [   0.03024] Score is : 726
display  D   display_settings.c:212  debug_display_settings           [   0.03026] color: 16 (rgba 5650), depth: 24, stencil: 0, acc: 0000, samples: 3/1
display  D   display_settings.c:527  _al_score_display_settings       [   0.03027] Score is : 721
display  D   display_settings.c:212  debug_display_settings           [   0.03029] color: 16 (rgba 5650), depth: 24, stencil: 0, acc: 0000, samples: 4/1
display  D   display_settings.c:527  _al_score_display_settings       [   0.03030] Score is : 717
display  D   display_settings.c:212  debug_display_settings           [   0.03032] color: 16 (rgba 5650), depth: 16, stencil: 0, acc: 0000, samples: 0/0
display  D   display_settings.c:527  _al_score_display_settings       [   0.03033] Score is : 897
display  D   display_settings.c:212  debug_display_settings           [   0.03035] color: 16 (rgba 5650), depth: 16, stencil: 0, acc: 0000, samples: 0/0
display  D   display_settings.c:527  _al_score_display_settings       [   0.03036] Score is : 897
display  D   display_settings.c:212  debug_display_settings           [   0.03038] color: 16 (rgba 5650), depth: 16, stencil: 0, acc: 0000, samples: 2/1
display  D   display_settings.c:527  _al_score_display_settings       [   0.03039] Score is : 726
display  D   display_settings.c:212  debug_display_settings           [   0.03041] color: 16 (rgba 5650), depth: 16, stencil: 0, acc: 0000, samples: 3/1
display  D   display_settings.c:527  _al_score_display_settings       [   0.03042] Score is : 721
display  D   display_settings.c:212  debug_display_settings           [   0.03044] color: 16 (rgba 5650), depth: 16, stencil: 0, acc: 0000, samples: 4/1
display  D   display_settings.c:527  _al_score_display_settings       [   0.03045] Score is : 717
display  D   display_settings.c:212  debug_display_settings           [   0.03047] color: 32 (rgba 8880), depth: 0, stencil: 0, acc: 0000, samples: 0/0
display  D   display_settings.c:398  _al_score_display_settings       [   0.03048] Single Buffer requirement not met.
display  D   display_settings.c:212  debug_display_settings           [   0.03050] color: 32 (rgba 8880), depth: 0, stencil: 0, acc: 0000, samples: 0/0
display  D   display_settings.c:398  _al_score_display_settings       [   0.03052] Single Buffer requirement not met.
display  D   display_settings.c:212  debug_display_settings           [   0.03053] color: 32 (rgba 8880), depth: 0, stencil: 0, acc: 0000, samples: 2/1
display  D   display_settings.c:398  _al_score_display_settings       [   0.03055] Single Buffer requirement not met.
display  D   display_settings.c:212  debug_display_settings           [   0.03056] color: 32 (rgba 8880), depth: 0, stencil: 0, acc: 0000, samples: 3/1
display  D   display_settings.c:398  _al_score_display_settings       [   0.03058] Single Buffer requirement not met.
display  D   display_settings.c:212  debug_display_settings           [   0.03059] color: 32 (rgba 8880), depth: 0, stencil: 0, acc: 0000, samples: 4/1
display  D   display_settings.c:398  _al_score_display_settings       [   0.03061] Single Buffer requirement not met.
display  D   display_settings.c:212  debug_display_settings           [   0.03062] color: 32 (rgba 8880), depth: 24, stencil: 8, acc: 0000, samples: 0/0
display  D   display_settings.c:398  _al_score_display_settings       [   0.03064] Single Buffer requirement not met.
display  D   display_settings.c:212  debug_display_settings           [   0.03065] color: 32 (rgba 8880), depth: 24, stencil: 8, acc: 0000, samples: 0/0
display  D   display_settings.c:398  _al_score_display_settings       [   0.03067] Single Buffer requirement not met.
display  D   display_settings.c:212  debug_display_settings           [   0.03068] color: 32 (rgba 8880), depth: 24, stencil: 8, acc: 0000, samples: 2/1
display  D   display_settings.c:398  _al_score_display_settings       [   0.03070] Single Buffer requirement not met.
display  D   display_settings.c:212  debug_display_settings           [   0.03071] color: 32 (rgba 8880), depth: 24, stencil: 8, acc: 0000, samples: 3/1
display  D   display_settings.c:398  _al_score_display_settings       [   0.03073] Single Buffer requirement not met.
display  D   display_settings.c:212  debug_display_settings           [   0.03075] color: 32 (rgba 8880), depth: 24, stencil: 8, acc: 0000, samples: 4/1
display  D   display_settings.c:398  _al_score_display_settings       [   0.03076] Single Buffer requirement not met.
display  D   display_settings.c:212  debug_display_settings           [   0.03078] color: 32 (rgba 8880), depth: 24, stencil: 0, acc: 0000, samples: 0/0
display  D   display_settings.c:398  _al_score_display_settings       [   0.03079] Single Buffer requirement not met.
display  D   display_settings.c:212  debug_display_settings           [   0.03081] color: 32 (rgba 8880), depth: 24, stencil: 0, acc: 0000, samples: 0/0
display  D   display_settings.c:398  _al_score_display_settings       [   0.03082] Single Buffer requirement not met.
display  D   display_settings.c:212  debug_display_settings           [   0.03084] color: 32 (rgba 8880), depth: 24, stencil: 0, acc: 0000, samples: 2/1
display  D   display_settings.c:398  _al_score_display_settings       [   0.03086] Single Buffer requirement not met.
display  D   display_settings.c:212  debug_display_settings           [   0.03087] color: 32 (rgba 8880), depth: 24, stencil: 0, acc: 0000, samples: 3/1
display  D   display_settings.c:398  _al_score_display_settings       [   0.03089] Single Buffer requirement not met.
display  D   display_settings.c:212  debug_display_settings           [   0.03090] color: 32 (rgba 8880), depth: 24, stencil: 0, acc: 0000, samples: 4/1
display  D   display_settings.c:398  _al_score_display_settings       [   0.03092] Single Buffer requirement not met.
display  D   display_settings.c:212  debug_display_settings           [   0.03093] color: 32 (rgba 8880), depth: 16, stencil: 0, acc: 0000, samples: 0/0
display  D   display_settings.c:398  _al_score_display_settings       [   0.03095] Single Buffer requirement not met.
display  D   display_settings.c:212  debug_display_settings           [   0.03096] color: 32 (rgba 8880), depth: 16, stencil: 0, acc: 0000, samples: 0/0
display  D   display_settings.c:398  _al_score_display_settings       [   0.03100] Single Buffer requirement not met.
display  D   display_settings.c:212  debug_display_settings           [   0.03101] color: 32 (rgba 8880), depth: 16, stencil: 0, acc: 0000, samples: 2/1
display  D   display_settings.c:398  _al_score_display_settings       [   0.03103] Single Buffer requirement not met.
display  D   display_settings.c:212  debug_display_settings           [   0.03104] color: 32 (rgba 8880), depth: 16, stencil: 0, acc: 0000, samples: 3/1
display  D   display_settings.c:398  _al_score_display_settings       [   0.03106] Single Buffer requirement not met.
display  D   display_settings.c:212  debug_display_settings           [   0.03107] color: 32 (rgba 8880), depth: 16, stencil: 0, acc: 0000, samples: 4/1
display  D   display_settings.c:398  _al_score_display_settings       [   0.03109] Single Buffer requirement not met.
display  D   display_settings.c:212  debug_display_settings           [   0.03111] color: 16 (rgba 5650), depth: 0, stencil: 0, acc: 0000, samples: 0/0
display  D   display_settings.c:398  _al_score_display_settings       [   0.03112] Single Buffer requirement not met.
display  D   display_settings.c:212  debug_display_settings           [   0.03114] color: 16 (rgba 5650), depth: 0, stencil: 0, acc: 0000, samples: 0/0
display  D   display_settings.c:398  _al_score_display_settings       [   0.03115] Single Buffer requirement not met.
display  D   display_settings.c:212  debug_display_settings           [   0.03117] color: 16 (rgba 5650), depth: 0, stencil: 0, acc: 0000, samples: 2/1
display  D   display_settings.c:398  _al_score_display_settings       [   0.03118] Single Buffer requirement not met.
display  D   display_settings.c:212  debug_display_settings           [   0.03120] color: 16 (rgba 5650), depth: 0, stencil: 0, acc: 0000, samples: 3/1
display  D   display_settings.c:398  _al_score_display_settings       [   0.03121] Single Buffer requirement not met.
display  D   display_settings.c:212  debug_display_settings           [   0.03123] color: 16 (rgba 5650), depth: 0, stencil: 0, acc: 0000, samples: 4/1
display  D   display_settings.c:398  _al_score_display_settings       [   0.03124] Single Buffer requirement not met.
display  D   display_settings.c:212  debug_display_settings           [   0.03126] color: 16 (rgba 5650), depth: 24, stencil: 8, acc: 0000, samples: 0/0
display  D   display_settings.c:398  _al_score_display_settings       [   0.03127] Single Buffer requirement not met.
display  D   display_settings.c:212  debug_display_settings           [   0.03129] color: 16 (rgba 5650), depth: 24, stencil: 8, acc: 0000, samples: 0/0
display  D   display_settings.c:398  _al_score_display_settings       [   0.03131] Single Buffer requirement not met.
display  D   display_settings.c:212  debug_display_settings           [   0.03132] color: 16 (rgba 5650), depth: 24, stencil: 8, acc: 0000, samples: 2/1
display  D   display_settings.c:398  _al_score_display_settings       [   0.03134] Single Buffer requirement not met.
display  D   display_settings.c:212  debug_display_settings           [   0.03135] color: 16 (rgba 5650), depth: 24, stencil: 8, acc: 0000, samples: 3/1
display  D   display_settings.c:398  _al_score_display_settings       [   0.03137] Single Buffer requirement not met.
display  D   display_settings.c:212  debug_display_settings           [   0.03138] color: 16 (rgba 5650), depth: 24, stencil: 8, acc: 0000, samples: 4/1
display  D   display_settings.c:398  _al_score_display_settings       [   0.03140] Single Buffer requirement not met.
display  D   display_settings.c:212  debug_display_settings           [   0.03141] color: 16 (rgba 5650), depth: 24, stencil: 0, acc: 0000, samples: 0/0
display  D   display_settings.c:398  _al_score_display_settings       [   0.03143] Single Buffer requirement not met.
display  D   display_settings.c:212  debug_display_settings           [   0.03144] color: 16 (rgba 5650), depth: 24, stencil: 0, acc: 0000, samples: 0/0
display  D   display_settings.c:398  _al_score_display_settings       [   0.03148] Single Buffer requirement not met.
display  D   display_settings.c:212  debug_display_settings           [   0.03150] color: 16 (rgba 5650), depth: 24, stencil: 0, acc: 0000, samples: 2/1
display  D   display_settings.c:398  _al_score_display_settings       [   0.03151] Single Buffer requirement not met.
display  D   display_settings.c:212  debug_display_settings           [   0.03153] color: 16 (rgba 5650), depth: 24, stencil: 0, acc: 0000, samples: 3/1
display  D   display_settings.c:398  _al_score_display_settings       [   0.03154] Single Buffer requirement not met.
display  D   display_settings.c:212  debug_display_settings           [   0.03156] color: 16 (rgba 5650), depth: 24, stencil: 0, acc: 0000, samples: 4/1
display  D   display_settings.c:398  _al_score_display_settings       [   0.03157] Single Buffer requirement not met.
display  D   display_settings.c:212  debug_display_settings           [   0.03159] color: 16 (rgba 5650), depth: 16, stencil: 0, acc: 0000, samples: 0/0
display  D   display_settings.c:398  _al_score_display_settings       [   0.03161] Single Buffer requirement not met.
display  D   display_settings.c:212  debug_display_settings           [   0.03162] color: 16 (rgba 5650), depth: 16, stencil: 0, acc: 0000, samples: 0/0
display  D   display_settings.c:398  _al_score_display_settings       [   0.03164] Single Buffer requirement not met.
display  D   display_settings.c:212  debug_display_settings           [   0.03165] color: 16 (rgba 5650), depth: 16, stencil: 0, acc: 0000, samples: 2/1
display  D   display_settings.c:398  _al_score_display_settings       [   0.03167] Single Buffer requirement not met.
display  D   display_settings.c:212  debug_display_settings           [   0.03168] color: 16 (rgba 5650), depth: 16, stencil: 0, acc: 0000, samples: 3/1
display  D   display_settings.c:398  _al_score_display_settings       [   0.03170] Single Buffer requirement not met.
display  D   display_settings.c:212  debug_display_settings           [   0.03171] color: 16 (rgba 5650), depth: 16, stencil: 0, acc: 0000, samples: 4/1
display  D   display_settings.c:398  _al_score_display_settings       [   0.03173] Single Buffer requirement not met.
display  D   display_settings.c:212  debug_display_settings           [   0.03174] color: 32 (rgba 8880), depth: 0, stencil: 0, acc: 0000, samples: 0/0
display  D   display_settings.c:527  _al_score_display_settings       [   0.03176] Score is : 769
display  D   display_settings.c:212  debug_display_settings           [   0.03177] color: 32 (rgba 8880), depth: 0, stencil: 0, acc: 0000, samples: 0/0
display  D   display_settings.c:527  _al_score_display_settings       [   0.03179] Score is : 769
display  D   display_settings.c:212  debug_display_settings           [   0.03180] color: 32 (rgba 8880), depth: 0, stencil: 0, acc: 0000, samples: 2/1
display  D   display_settings.c:527  _al_score_display_settings       [   0.03182] Score is : 598
display  D   display_settings.c:212  debug_display_settings           [   0.03183] color: 32 (rgba 8880), depth: 0, stencil: 0, acc: 0000, samples: 3/1
display  D   display_settings.c:527  _al_score_display_settings       [   0.03198] Score is : 593
display  D   display_settings.c:212  debug_display_settings           [   0.03200] color: 32 (rgba 8880), depth: 0, stencil: 0, acc: 0000, samples: 4/1
display  D   display_settings.c:527  _al_score_display_settings       [   0.03202] Score is : 589
display  D   display_settings.c:212  debug_display_settings           [   0.03203] color: 32 (rgba 8880), depth: 24, stencil: 8, acc: 0000, samples: 0/0
display  D   display_settings.c:527  _al_score_display_settings       [   0.03205] Score is : 769
display  D   display_settings.c:212  debug_display_settings           [   0.03206] color: 32 (rgba 8880), depth: 24, stencil: 8, acc: 0000, samples: 0/0
display  D   display_settings.c:527  _al_score_display_settings       [   0.03208] Score is : 769
display  D   display_settings.c:212  debug_display_settings           [   0.03209] color: 32 (rgba 8880), depth: 24, stencil: 8, acc: 0000, samples: 2/1
display  D   display_settings.c:527  _al_score_display_settings       [   0.03211] Score is : 598
display  D   display_settings.c:212  debug_display_settings           [   0.03212] color: 32 (rgba 8880), depth: 24, stencil: 8, acc: 0000, samples: 3/1
display  D   display_settings.c:527  _al_score_display_settings       [   0.03214] Score is : 593
display  D   display_settings.c:212  debug_display_settings           [   0.03215] color: 32 (rgba 8880), depth: 24, stencil: 8, acc: 0000, samples: 4/1
display  D   display_settings.c:527  _al_score_display_settings       [   0.03217] Score is : 589
display  D   display_settings.c:212  debug_display_settings           [   0.03218] color: 32 (rgba 8880), depth: 24, stencil: 0, acc: 0000, samples: 0/0
display  D   display_settings.c:527  _al_score_display_settings       [   0.03220] Score is : 769
display  D   display_settings.c:212  debug_display_settings           [   0.03221] color: 32 (rgba 8880), depth: 24, stencil: 0, acc: 0000, samples: 0/0
display  D   display_settings.c:527  _al_score_display_settings       [   0.03223] Score is : 769
display  D   display_settings.c:212  debug_display_settings           [   0.03224] color: 32 (rgba 8880), depth: 24, stencil: 0, acc: 0000, samples: 2/1
display  D   display_settings.c:527  _al_score_display_settings       [   0.03226] Score is : 598
display  D   display_settings.c:212  debug_display_settings           [   0.03227] color: 32 (rgba 8880), depth: 24, stencil: 0, acc: 0000, samples: 3/1
display  D   display_settings.c:527  _al_score_display_settings       [   0.03229] Score is : 593
display  D   display_settings.c:212  debug_display_settings           [   0.03230] color: 32 (rgba 8880), depth: 24, stencil: 0, acc: 0000, samples: 4/1
display  D   display_settings.c:527  _al_score_display_settings       [   0.03232] Score is : 589
display  D   display_settings.c:212  debug_display_settings           [   0.03233] color: 32 (rgba 8880), depth: 16, stencil: 0, acc: 0000, samples: 0/0
display  D   display_settings.c:527  _al_score_display_settings       [   0.03236] Score is : 769
display  D   display_settings.c:212  debug_display_settings           [   0.03238] color: 32 (rgba 8880), depth: 16, stencil: 0, acc: 0000, samples: 0/0
display  D   display_settings.c:527  _al_score_display_settings       [   0.03240] Score is : 769
display  D   display_settings.c:212  debug_display_settings           [   0.03241] color: 32 (rgba 8880), depth: 16, stencil: 0, acc: 0000, samples: 2/1
display  D   display_settings.c:527  _al_score_display_settings       [   0.03243] Score is : 598
display  D   display_settings.c:212  debug_display_settings           [   0.03253] color: 32 (rgba 8880), depth: 16, stencil: 0, acc: 0000, samples: 3/1
display  D   display_settings.c:527  _al_score_display_settings       [   0.03261] Score is : 593
display  D   display_settings.c:212  debug_display_settings           [   0.03263] color: 32 (rgba 8880), depth: 16, stencil: 0, acc: 0000, samples: 4/1
display  D   display_settings.c:527  _al_score_display_settings       [   0.03265] Score is : 589
display  D   display_settings.c:212  debug_display_settings           [   0.03267] color: 16 (rgba 5650), depth: 0, stencil: 0, acc: 0000, samples: 0/0
display  D   display_settings.c:527  _al_score_display_settings       [   0.03269] Score is : 769
display  D   display_settings.c:212  debug_display_settings           [   0.03270] color: 16 (rgba 5650), depth: 0, stencil: 0, acc: 0000, samples: 0/0
display  D   display_settings.c:527  _al_score_display_settings       [   0.03272] Score is : 769
display  D   display_settings.c:212  debug_display_settings           [   0.03273] color: 16 (rgba 5650), depth: 0, stencil: 0, acc: 0000, samples: 2/1
display  D   display_settings.c:527  _al_score_display_settings       [   0.03275] Score is : 598
display  D   display_settings.c:212  debug_display_settings           [   0.03277] color: 16 (rgba 5650), depth: 0, stencil: 0, acc: 0000, samples: 3/1
display  D   display_settings.c:527  _al_score_display_settings       [   0.03279] Score is : 593
display  D   display_settings.c:212  debug_display_settings           [   0.03280] color: 16 (rgba 5650), depth: 0, stencil: 0, acc: 0000, samples: 4/1
display  D   display_settings.c:527  _al_score_display_settings       [   0.03282] Score is : 589
display  D   display_settings.c:212  debug_display_settings           [   0.03283] color: 16 (rgba 5650), depth: 24, stencil: 8, acc: 0000, samples: 0/0
display  D   display_settings.c:527  _al_score_display_settings       [   0.03285] Score is : 769
display  D   display_settings.c:212  debug_display_settings           [   0.03286] color: 16 (rgba 5650), depth: 24, stencil: 8, acc: 0000, samples: 0/0
display  D   display_settings.c:527  _al_score_display_settings       [   0.03288] Score is : 769
display  D   display_settings.c:212  debug_display_settings           [   0.03289] color: 16 (rgba 5650), depth: 24, stencil: 8, acc: 0000, samples: 2/1
display  D   display_settings.c:527  _al_score_display_settings       [   0.03291] Score is : 598
display  D   display_settings.c:212  debug_display_settings           [   0.03293] color: 16 (rgba 5650), depth: 24, stencil: 8, acc: 0000, samples: 3/1
display  D   display_settings.c:527  _al_score_display_settings       [   0.03294] Score is : 593
display  D   display_settings.c:212  debug_display_settings           [   0.03296] color: 16 (rgba 5650), depth: 24, stencil: 8, acc: 0000, samples: 4/1
display  D   display_settings.c:527  _al_score_display_settings       [   0.03297] Score is : 589
display  D   display_settings.c:212  debug_display_settings           [   0.03299] color: 16 (rgba 5650), depth: 24, stencil: 0, acc: 0000, samples: 0/0
display  D   display_settings.c:527  _al_score_display_settings       [   0.03301] Score is : 769
display  D   display_settings.c:212  debug_display_settings           [   0.03302] color: 16 (rgba 5650), depth: 24, stencil: 0, acc: 0000, samples: 0/0
display  D   display_settings.c:527  _al_score_display_settings       [   0.03304] Score is : 769
display  D   display_settings.c:212  debug_display_settings           [   0.03305] color: 16 (rgba 5650), depth: 24, stencil: 0, acc: 0000, samples: 2/1
display  D   display_settings.c:527  _al_score_display_settings       [   0.03307] Score is : 598
display  D   display_settings.c:212  debug_display_settings           [   0.03308] color: 16 (rgba 5650), depth: 24, stencil: 0, acc: 0000, samples: 3/1
display  D   display_settings.c:527  _al_score_display_settings       [   0.03310] Score is : 593
display  D   display_settings.c:212  debug_display_settings           [   0.03311] color: 16 (rgba 5650), depth: 24, stencil: 0, acc: 0000, samples: 4/1
display  D   display_settings.c:527  _al_score_display_settings       [   0.03313] Score is : 589
display  D   display_settings.c:212  debug_display_settings           [   0.03314] color: 16 (rgba 5650), depth: 16, stencil: 0, acc: 0000, samples: 0/0
display  D   display_settings.c:527  _al_score_display_settings       [   0.03316] Score is : 769
display  D   display_settings.c:212  debug_display_settings           [   0.03318] color: 16 (rgba 5650), depth: 16, stencil: 0, acc: 0000, samples: 0/0
display  D   display_settings.c:527  _al_score_display_settings       [   0.03319] Score is : 769
display  D   display_settings.c:212  debug_display_settings           [   0.03321] color: 16 (rgba 5650), depth: 16, stencil: 0, acc: 0000, samples: 2/1
display  D   display_settings.c:527  _al_score_display_settings       [   0.03322] Score is : 598
display  D   display_settings.c:212  debug_display_settings           [   0.03324] color: 16 (rgba 5650), depth: 16, stencil: 0, acc: 0000, samples: 3/1
display  D   display_settings.c:527  _al_score_display_settings       [   0.03325] Score is : 593
display  D   display_settings.c:212  debug_display_settings           [   0.03327] color: 16 (rgba 5650), depth: 16, stencil: 0, acc: 0000, samples: 4/1
display  D   display_settings.c:527  _al_score_display_settings       [   0.03328] Score is : 589
display  D   display_settings.c:212  debug_display_settings           [   0.03330] color: 32 (rgba 8880), depth: 0, stencil: 0, acc: 0000, samples: 0/0
display  D   display_settings.c:398  _al_score_display_settings       [   0.03332] Single Buffer requirement not met.
display  D   display_settings.c:212  debug_display_settings           [   0.03333] color: 32 (rgba 8880), depth: 0, stencil: 0, acc: 0000, samples: 0/0
display  D   display_settings.c:398  _al_score_display_settings       [   0.03335] Single Buffer requirement not met.
display  D   display_settings.c:212  debug_display_settings           [   0.03336] color: 32 (rgba 8880), depth: 0, stencil: 0, acc: 0000, samples: 2/1
display  D   display_settings.c:398  _al_score_display_settings       [   0.03338] Single Buffer requirement not met.
display  D   display_settings.c:212  debug_display_settings           [   0.03339] color: 32 (rgba 8880), depth: 0, stencil: 0, acc: 0000, samples: 3/1
display  D   display_settings.c:398  _al_score_display_settings       [   0.03341] Single Buffer requirement not met.
display  D   display_settings.c:212  debug_display_settings           [   0.03342] color: 32 (rgba 8880), depth: 0, stencil: 0, acc: 0000, samples: 4/1
display  D   display_settings.c:398  _al_score_display_settings       [   0.03344] Single Buffer requirement not met.
display  D   display_settings.c:212  debug_display_settings           [   0.03346] color: 32 (rgba 8880), depth: 24, stencil: 8, acc: 0000, samples: 0/0
display  D   display_settings.c:398  _al_score_display_settings       [   0.03347] Single Buffer requirement not met.
display  D   display_settings.c:212  debug_display_settings           [   0.03356] color: 32 (rgba 8880), depth: 24, stencil: 8, acc: 0000, samples: 0/0
display  D   display_settings.c:398  _al_score_display_settings       [   0.03379] Single Buffer requirement not met.
display  D   display_settings.c:212  debug_display_settings           [   0.03381] color: 32 (rgba 8880), depth: 24, stencil: 8, acc: 0000, samples: 2/1
display  D   display_settings.c:398  _al_score_display_settings       [   0.03383] Single Buffer requirement not met.
display  D   display_settings.c:212  debug_display_settings           [   0.03385] color: 32 (rgba 8880), depth: 24, stencil: 8, acc: 0000, samples: 3/1
display  D   display_settings.c:398  _al_score_display_settings       [   0.03387] Single Buffer requirement not met.
display  D   display_settings.c:212  debug_display_settings           [   0.03388] color: 32 (rgba 8880), depth: 24, stencil: 8, acc: 0000, samples: 4/1
display  D   display_settings.c:398  _al_score_display_settings       [   0.03390] Single Buffer requirement not met.
display  D   display_settings.c:212  debug_display_settings           [   0.03391] color: 32 (rgba 8880), depth: 24, stencil: 0, acc: 0000, samples: 0/0
display  D   display_settings.c:398  _al_score_display_settings       [   0.03393] Single Buffer requirement not met.
display  D   display_settings.c:212  debug_display_settings           [   0.03394] color: 32 (rgba 8880), depth: 24, stencil: 0, acc: 0000, samples: 0/0
display  D   display_settings.c:398  _al_score_display_settings       [   0.03396] Single Buffer requirement not met.
display  D   display_settings.c:212  debug_display_settings           [   0.03397] color: 32 (rgba 8880), depth: 24, stencil: 0, acc: 0000, samples: 2/1
display  D   display_settings.c:398  _al_score_display_settings       [   0.03399] Single Buffer requirement not met.
display  D   display_settings.c:212  debug_display_settings           [   0.03400] color: 32 (rgba 8880), depth: 24, stencil: 0, acc: 0000, samples: 3/1
display  D   display_settings.c:398  _al_score_display_settings       [   0.03402] Single Buffer requirement not met.
display  D   display_settings.c:212  debug_display_settings           [   0.03403] color: 32 (rgba 8880), depth: 24, stencil: 0, acc: 0000, samples: 4/1
display  D   display_settings.c:398  _al_score_display_settings       [   0.03407] Single Buffer requirement not met.
display  D   display_settings.c:212  debug_display_settings           [   0.03408] color: 32 (rgba 8880), depth: 16, stencil: 0, acc: 0000, samples: 0/0
display  D   display_settings.c:398  _al_score_display_settings       [   0.03410] Single Buffer requirement not met.
display  D   display_settings.c:212  debug_display_settings           [   0.03415] color: 32 (rgba 8880), depth: 16, stencil: 0, acc: 0000, samples: 0/0
display  D   display_settings.c:398  _al_score_display_settings       [   0.03417] Single Buffer requirement not met.
display  D   display_settings.c:212  debug_display_settings           [   0.03418] color: 32 (rgba 8880), depth: 16, stencil: 0, acc: 0000, samples: 2/1
display  D   display_settings.c:398  _al_score_display_settings       [   0.03422] Single Buffer requirement not met.
display  D   display_settings.c:212  debug_display_settings           [   0.03423] color: 32 (rgba 8880), depth: 16, stencil: 0, acc: 0000, samples: 3/1
display  D   display_settings.c:398  _al_score_display_settings       [   0.03425] Single Buffer requirement not met.
display  D   display_settings.c:212  debug_display_settings           [   0.03427] color: 32 (rgba 8880), depth: 16, stencil: 0, acc: 0000, samples: 4/1
display  D   display_settings.c:398  _al_score_display_settings       [   0.03428] Single Buffer requirement not met.
display  D   display_settings.c:212  debug_display_settings           [   0.03430] color: 16 (rgba 5650), depth: 0, stencil: 0, acc: 0000, samples: 0/0
display  D   display_settings.c:398  _al_score_display_settings       [   0.03432] Single Buffer requirement not met.
display  D   display_settings.c:212  debug_display_settings           [   0.03433] color: 16 (rgba 5650), depth: 0, stencil: 0, acc: 0000, samples: 0/0
display  D   display_settings.c:398  _al_score_display_settings       [   0.03435] Single Buffer requirement not met.
display  D   display_settings.c:212  debug_display_settings           [   0.03436] color: 16 (rgba 5650), depth: 0, stencil: 0, acc: 0000, samples: 2/1
display  D   display_settings.c:398  _al_score_display_settings       [   0.03438] Single Buffer requirement not met.
display  D   display_settings.c:212  debug_display_settings           [   0.03440] color: 16 (rgba 5650), depth: 0, stencil: 0, acc: 0000, samples: 3/1
display  D   display_settings.c:398  _al_score_display_settings       [   0.03441] Single Buffer requirement not met.
display  D   display_settings.c:212  debug_display_settings           [   0.03443] color: 16 (rgba 5650), depth: 0, stencil: 0, acc: 0000, samples: 4/1
display  D   display_settings.c:398  _al_score_display_settings       [   0.03445] Single Buffer requirement not met.
display  D   display_settings.c:212  debug_display_settings           [   0.03446] color: 16 (rgba 5650), depth: 24, stencil: 8, acc: 0000, samples: 0/0
display  D   display_settings.c:398  _al_score_display_settings       [   0.03448] Single Buffer requirement not met.
display  D   display_settings.c:212  debug_display_settings           [   0.03451] color: 16 (rgba 5650), depth: 24, stencil: 8, acc: 0000, samples: 0/0
display  D   display_settings.c:398  _al_score_display_settings       [   0.03454] Single Buffer requirement not met.
display  D   display_settings.c:212  debug_display_settings           [   0.03456] color: 16 (rgba 5650), depth: 24, stencil: 8, acc: 0000, samples: 2/1
display  D   display_settings.c:398  _al_score_display_settings       [   0.03460] Single Buffer requirement not met.
display  D   display_settings.c:212  debug_display_settings           [   0.03463] color: 16 (rgba 5650), depth: 24, stencil: 8, acc: 0000, samples: 3/1
display  D   display_settings.c:398  _al_score_display_settings       [   0.03466] Single Buffer requirement not met.
display  D   display_settings.c:212  debug_display_settings           [   0.03473] color: 16 (rgba 5650), depth: 24, stencil: 8, acc: 0000, samples: 4/1
display  D   display_settings.c:398  _al_score_display_settings       [   0.03475] Single Buffer requirement not met.
display  D   display_settings.c:212  debug_display_settings           [   0.03476] color: 16 (rgba 5650), depth: 24, stencil: 0, acc: 0000, samples: 0/0
display  D   display_settings.c:398  _al_score_display_settings       [   0.03478] Single Buffer requirement not met.
display  D   display_settings.c:212  debug_display_settings           [   0.03480] color: 16 (rgba 5650), depth: 24, stencil: 0, acc: 0000, samples: 0/0
display  D   display_settings.c:398  _al_score_display_settings       [   0.03482] Single Buffer requirement not met.
display  D   display_settings.c:212  debug_display_settings           [   0.03483] color: 16 (rgba 5650), depth: 24, stencil: 0, acc: 0000, samples: 2/1
display  D   display_settings.c:398  _al_score_display_settings       [   0.03485] Single Buffer requirement not met.
display  D   display_settings.c:212  debug_display_settings           [   0.03492] color: 16 (rgba 5650), depth: 24, stencil: 0, acc: 0000, samples: 3/1
display  D   display_settings.c:398  _al_score_display_settings       [   0.03494] Single Buffer requirement not met.
display  D   display_settings.c:212  debug_display_settings           [   0.03496] color: 16 (rgba 5650), depth: 24, stencil: 0, acc: 0000, samples: 4/1
display  D   display_settings.c:398  _al_score_display_settings       [   0.03497] Single Buffer requirement not met.
display  D   display_settings.c:212  debug_display_settings           [   0.03499] color: 16 (rgba 5650), depth: 16, stencil: 0, acc: 0000, samples: 0/0
display  D   display_settings.c:398  _al_score_display_settings       [   0.03500] Single Buffer requirement not met.
display  D   display_settings.c:212  debug_display_settings           [   0.03502] color: 16 (rgba 5650), depth: 16, stencil: 0, acc: 0000, samples: 0/0
display  D   display_settings.c:398  _al_score_display_settings       [   0.03503] Single Buffer requirement not met.
display  D   display_settings.c:212  debug_display_settings           [   0.03505] color: 16 (rgba 5650), depth: 16, stencil: 0, acc: 0000, samples: 2/1
display  D   display_settings.c:398  _al_score_display_settings       [   0.03506] Single Buffer requirement not met.
display  D   display_settings.c:212  debug_display_settings           [   0.03508] color: 16 (rgba 5650), depth: 16, stencil: 0, acc: 0000, samples: 3/1
display  D   display_settings.c:398  _al_score_display_settings       [   0.03509] Single Buffer requirement not met.
display  D   display_settings.c:212  debug_display_settings           [   0.03511] color: 16 (rgba 5650), depth: 16, stencil: 0, acc: 0000, samples: 4/1
display  D   display_settings.c:398  _al_score_display_settings       [   0.03513] Single Buffer requirement not met.
d3d      D         d3d_disp.cpp:1668 d3d_create_display_internals     [   0.03517] Trying format 0.
d3d      I         d3d_disp.cpp:1344 d3d_display_thread_proc          [   0.03735] Chose a display format: 23
d3d      I         d3d_disp.cpp:1413 d3d_display_thread_proc          [   0.03739] Normal window.
d3d      I         d3d_disp.cpp:781  d3d_create_device                [   0.05891] Using no depth stencil buffer
d3d      D         d3d_disp.cpp:839  d3d_create_device                [   0.15047] BeginScene succeeded in create_device
d3d      D         d3d_disp.cpp:847  d3d_create_device                [   0.15049] Success
d3d      D         d3d_disp.cpp:1691 d3d_create_display_internals     [   0.15053] Resumed after wait.
d3d      I         d3d_disp.cpp:1724 d3d_create_display_internals     [   0.15056] Format 0 succeeded.
d3d      D         d3d_disp.cpp:1755 d3d_create_display_internals     [   0.15059] Returning d3d_display: 032B68A8
d3d      D         d3d_disp.cpp:1780 d3d_create_display_locked        [   0.15061] al_display=032B68A8
d3d      D         d3d_disp.cpp:1781 d3d_create_display_locked        [   0.15062] al_display->vt=01223D78
system   D            wsystem.c:802  maybe_parent_dir                 [   0.15078] Also searching C:\Users\Miguel\Desktop\Transformice\
system   D            wsystem.c:852  _al_win_safe_load_library        [   0.15108] PathFindOnPath found: C:\Windows\system32\d3dx9_43.dll
system   D            wsystem.c:763  load_library_at_path             [   0.15110] Calling LoadLibrary C:\Windows\system32\d3dx9_43.dll
system   I            wsystem.c:766  load_library_at_path             [   0.15162] Loaded C:\Windows\system32\d3dx9_43.dll
d3dx9    I        d3d_d3dx9.cpp:88   _imp_load_d3dx9_module_version   [   0.15166] Module "d3dx9_43.dll" loaded.
stdio    D         file_stdio.c:110  file_stdio_fopen                 [   0.15171] opening edit/font/soopafre.ttf rb
font     E                ttf.c:994  al_load_ttf_font_stretch         [   0.15177] Unable to open file for reading: edit/font/soopafre.ttf
stdio    D         file_stdio.c:110  file_stdio_fopen                 [   0.15179] opening edit/img/rato.png rb
stdio    D         file_stdio.c:110  file_stdio_fopen                 [   0.15183] opening edit/img/rato.png rb
image    E                png.c:415  _al_load_png                     [   0.15187] Unable to open edit/img/rato.png for reading.
bitmap   E          bitmap_io.c:209  al_load_bitmap_flags             [   0.15189] Failed loading bitmap edit/img/rato.png with .png handler.
stdio    D         file_stdio.c:110  file_stdio_fopen                 [   0.15190] opening edit/img/queijo.png rb
stdio    D         file_stdio.c:110  file_stdio_fopen                 [   0.15194] opening edit/img/queijo.png rb
image    E                png.c:415  _al_load_png                     [   0.15197] Unable to open edit/img/queijo.png for reading.
bitmap   E          bitmap_io.c:209  al_load_bitmap_flags             [   0.15199] Failed loading bitmap edit/img/queijo.png with .png handler.
stdio    D         file_stdio.c:110  file_stdio_fopen                 [   0.15200] opening edit/img/toca.png rb
stdio    D         file_stdio.c:110  file_stdio_fopen                 [   0.15204] opening edit/img/toca.png rb
image    E                png.c:415  _al_load_png                     [   0.15216] Unable to open edit/img/toca.png for reading.
bitmap   E          bitmap_io.c:209  al_load_bitmap_flags             [   0.15223] Failed loading bitmap edit/img/toca.png with .png handler.
