stdio    D         file_stdio.c:110  file_stdio_fopen                 [   0.00000] opening C:\Users\Miguel\Desktop\Transformice\Debug\allegro5.cfg r
system   D            wsystem.c:802  maybe_parent_dir                 [   0.00000] Also searching C:\Users\Miguel\Desktop\Transformice\
system   D            wsystem.c:852  _al_win_safe_load_library        [   0.00000] PathFindOnPath found: C:\Windows\system32\shcore.dll
system   D            wsystem.c:763  load_library_at_path             [   0.00000] Calling LoadLibrary C:\Windows\system32\shcore.dll
system   I            wsystem.c:766  load_library_at_path             [   0.00000] Loaded C:\Windows\system32\shcore.dll
system   I             system.c:267  al_install_system                [   0.00000] Allegro version: 5.2.5
system   D            wsystem.c:802  maybe_parent_dir                 [   0.00023] Also searching C:\Users\Miguel\Desktop\Transformice\
system   D            wsystem.c:852  _al_win_safe_load_library        [   0.00035] PathFindOnPath found: C:\Windows\system32\d3d9.dll
system   D            wsystem.c:763  load_library_at_path             [   0.00037] Calling LoadLibrary C:\Windows\system32\d3d9.dll
system   I            wsystem.c:766  load_library_at_path             [   0.00154] Loaded C:\Windows\system32\d3d9.dll
d3d      I         d3d_disp.cpp:674  d3d_init_display                 [   0.02156] Render-to-texture: 1
d3d      I         d3d_disp.cpp:1768 d3d_create_display_locked        [   0.02292] faux_fullscreen=0
d3d      D         d3d_disp.cpp:1769 d3d_create_display_locked        [   0.02295] al_display=02FE6898
d3d      D         d3d_disp.cpp:1770 d3d_create_display_locked        [   0.02297] al_display->vt=00F0DB40
d3d      I d3d_display_formats.cpp:144  _al_d3d_generate_display_format_list [   0.02743] found 160 format combinations
display  D   display_settings.c:212  debug_display_settings           [   0.02746] color: 32 (rgba 8880), depth: 0, stencil: 0, acc: 0000, samples: 0/0
display  D   display_settings.c:527  _al_score_display_settings       [   0.02748] Score is : 897
display  D   display_settings.c:212  debug_display_settings           [   0.02749] color: 32 (rgba 8880), depth: 0, stencil: 0, acc: 0000, samples: 0/0
display  D   display_settings.c:527  _al_score_display_settings       [   0.02751] Score is : 897
display  D   display_settings.c:212  debug_display_settings           [   0.02752] color: 32 (rgba 8880), depth: 0, stencil: 0, acc: 0000, samples: 2/1
display  D   display_settings.c:527  _al_score_display_settings       [   0.02754] Score is : 726
display  D   display_settings.c:212  debug_display_settings           [   0.02755] color: 32 (rgba 8880), depth: 0, stencil: 0, acc: 0000, samples: 3/1
display  D   display_settings.c:527  _al_score_display_settings       [   0.02757] Score is : 721
display  D   display_settings.c:212  debug_display_settings           [   0.02758] color: 32 (rgba 8880), depth: 0, stencil: 0, acc: 0000, samples: 4/1
display  D   display_settings.c:527  _al_score_display_settings       [   0.02760] Score is : 717
display  D   display_settings.c:212  debug_display_settings           [   0.02761] color: 32 (rgba 8880), depth: 24, stencil: 8, acc: 0000, samples: 0/0
display  D   display_settings.c:527  _al_score_display_settings       [   0.02763] Score is : 897
display  D   display_settings.c:212  debug_display_settings           [   0.02764] color: 32 (rgba 8880), depth: 24, stencil: 8, acc: 0000, samples: 0/0
display  D   display_settings.c:527  _al_score_display_settings       [   0.02766] Score is : 897
display  D   display_settings.c:212  debug_display_settings           [   0.02767] color: 32 (rgba 8880), depth: 24, stencil: 8, acc: 0000, samples: 2/1
display  D   display_settings.c:527  _al_score_display_settings       [   0.02769] Score is : 726
display  D   display_settings.c:212  debug_display_settings           [   0.02770] color: 32 (rgba 8880), depth: 24, stencil: 8, acc: 0000, samples: 3/1
display  D   display_settings.c:527  _al_score_display_settings       [   0.02772] Score is : 721
display  D   display_settings.c:212  debug_display_settings           [   0.02776] color: 32 (rgba 8880), depth: 24, stencil: 8, acc: 0000, samples: 4/1
display  D   display_settings.c:527  _al_score_display_settings       [   0.02778] Score is : 717
display  D   display_settings.c:212  debug_display_settings           [   0.02779] color: 32 (rgba 8880), depth: 24, stencil: 0, acc: 0000, samples: 0/0
display  D   display_settings.c:527  _al_score_display_settings       [   0.02781] Score is : 897
display  D   display_settings.c:212  debug_display_settings           [   0.02782] color: 32 (rgba 8880), depth: 24, stencil: 0, acc: 0000, samples: 0/0
display  D   display_settings.c:527  _al_score_display_settings       [   0.02784] Score is : 897
display  D   display_settings.c:212  debug_display_settings           [   0.02785] color: 32 (rgba 8880), depth: 24, stencil: 0, acc: 0000, samples: 2/1
display  D   display_settings.c:527  _al_score_display_settings       [   0.02787] Score is : 726
display  D   display_settings.c:212  debug_display_settings           [   0.02788] color: 32 (rgba 8880), depth: 24, stencil: 0, acc: 0000, samples: 3/1
display  D   display_settings.c:527  _al_score_display_settings       [   0.02790] Score is : 721
display  D   display_settings.c:212  debug_display_settings           [   0.02791] color: 32 (rgba 8880), depth: 24, stencil: 0, acc: 0000, samples: 4/1
display  D   display_settings.c:527  _al_score_display_settings       [   0.02792] Score is : 717
display  D   display_settings.c:212  debug_display_settings           [   0.02794] color: 32 (rgba 8880), depth: 16, stencil: 0, acc: 0000, samples: 0/0
display  D   display_settings.c:527  _al_score_display_settings       [   0.02796] Score is : 897
display  D   display_settings.c:212  debug_display_settings           [   0.02797] color: 32 (rgba 8880), depth: 16, stencil: 0, acc: 0000, samples: 0/0
display  D   display_settings.c:527  _al_score_display_settings       [   0.02799] Score is : 897
display  D   display_settings.c:212  debug_display_settings           [   0.02800] color: 32 (rgba 8880), depth: 16, stencil: 0, acc: 0000, samples: 2/1
display  D   display_settings.c:527  _al_score_display_settings       [   0.02801] Score is : 726
display  D   display_settings.c:212  debug_display_settings           [   0.02803] color: 32 (rgba 8880), depth: 16, stencil: 0, acc: 0000, samples: 3/1
display  D   display_settings.c:527  _al_score_display_settings       [   0.02804] Score is : 721
display  D   display_settings.c:212  debug_display_settings           [   0.02806] color: 32 (rgba 8880), depth: 16, stencil: 0, acc: 0000, samples: 4/1
display  D   display_settings.c:527  _al_score_display_settings       [   0.02807] Score is : 717
display  D   display_settings.c:212  debug_display_settings           [   0.02809] color: 16 (rgba 5650), depth: 0, stencil: 0, acc: 0000, samples: 0/0
display  D   display_settings.c:527  _al_score_display_settings       [   0.02810] Score is : 897
display  D   display_settings.c:212  debug_display_settings           [   0.02812] color: 16 (rgba 5650), depth: 0, stencil: 0, acc: 0000, samples: 0/0
display  D   display_settings.c:527  _al_score_display_settings       [   0.02813] Score is : 897
display  D   display_settings.c:212  debug_display_settings           [   0.02815] color: 16 (rgba 5650), depth: 0, stencil: 0, acc: 0000, samples: 2/1
display  D   display_settings.c:527  _al_score_display_settings       [   0.02816] Score is : 726
display  D   display_settings.c:212  debug_display_settings           [   0.02817] color: 16 (rgba 5650), depth: 0, stencil: 0, acc: 0000, samples: 3/1
display  D   display_settings.c:527  _al_score_display_settings       [   0.02819] Score is : 721
display  D   display_settings.c:212  debug_display_settings           [   0.02820] color: 16 (rgba 5650), depth: 0, stencil: 0, acc: 0000, samples: 4/1
display  D   display_settings.c:527  _al_score_display_settings       [   0.02822] Score is : 717
display  D   display_settings.c:212  debug_display_settings           [   0.02823] color: 16 (rgba 5650), depth: 24, stencil: 8, acc: 0000, samples: 0/0
display  D   display_settings.c:527  _al_score_display_settings       [   0.02828] Score is : 897
display  D   display_settings.c:212  debug_display_settings           [   0.02829] color: 16 (rgba 5650), depth: 24, stencil: 8, acc: 0000, samples: 0/0
display  D   display_settings.c:527  _al_score_display_settings       [   0.02831] Score is : 897
display  D   display_settings.c:212  debug_display_settings           [   0.02832] color: 16 (rgba 5650), depth: 24, stencil: 8, acc: 0000, samples: 2/1
display  D   display_settings.c:527  _al_score_display_settings       [   0.02834] Score is : 726
display  D   display_settings.c:212  debug_display_settings           [   0.02835] color: 16 (rgba 5650), depth: 24, stencil: 8, acc: 0000, samples: 3/1
display  D   display_settings.c:527  _al_score_display_settings       [   0.02837] Score is : 721
display  D   display_settings.c:212  debug_display_settings           [   0.02838] color: 16 (rgba 5650), depth: 24, stencil: 8, acc: 0000, samples: 4/1
display  D   display_settings.c:527  _al_score_display_settings       [   0.02840] Score is : 717
display  D   display_settings.c:212  debug_display_settings           [   0.02841] color: 16 (rgba 5650), depth: 24, stencil: 0, acc: 0000, samples: 0/0
display  D   display_settings.c:527  _al_score_display_settings       [   0.02843] Score is : 897
display  D   display_settings.c:212  debug_display_settings           [   0.02844] color: 16 (rgba 5650), depth: 24, stencil: 0, acc: 0000, samples: 0/0
display  D   display_settings.c:527  _al_score_display_settings       [   0.02846] Score is : 897
display  D   display_settings.c:212  debug_display_settings           [   0.02847] color: 16 (rgba 5650), depth: 24, stencil: 0, acc: 0000, samples: 2/1
display  D   display_settings.c:527  _al_score_display_settings       [   0.02849] Score is : 726
display  D   display_settings.c:212  debug_display_settings           [   0.02850] color: 16 (rgba 5650), depth: 24, stencil: 0, acc: 0000, samples: 3/1
display  D   display_settings.c:527  _al_score_display_settings       [   0.02852] Score is : 721
display  D   display_settings.c:212  debug_display_settings           [   0.02853] color: 16 (rgba 5650), depth: 24, stencil: 0, acc: 0000, samples: 4/1
display  D   display_settings.c:527  _al_score_display_settings       [   0.02855] Score is : 717
display  D   display_settings.c:212  debug_display_settings           [   0.02856] color: 16 (rgba 5650), depth: 16, stencil: 0, acc: 0000, samples: 0/0
display  D   display_settings.c:527  _al_score_display_settings       [   0.02858] Score is : 897
display  D   display_settings.c:212  debug_display_settings           [   0.02859] color: 16 (rgba 5650), depth: 16, stencil: 0, acc: 0000, samples: 0/0
display  D   display_settings.c:527  _al_score_display_settings       [   0.02861] Score is : 897
display  D   display_settings.c:212  debug_display_settings           [   0.02862] color: 16 (rgba 5650), depth: 16, stencil: 0, acc: 0000, samples: 2/1
display  D   display_settings.c:527  _al_score_display_settings       [   0.02864] Score is : 726
display  D   display_settings.c:212  debug_display_settings           [   0.02865] color: 16 (rgba 5650), depth: 16, stencil: 0, acc: 0000, samples: 3/1
display  D   display_settings.c:527  _al_score_display_settings       [   0.02867] Score is : 721
display  D   display_settings.c:212  debug_display_settings           [   0.02868] color: 16 (rgba 5650), depth: 16, stencil: 0, acc: 0000, samples: 4/1
display  D   display_settings.c:527  _al_score_display_settings       [   0.02870] Score is : 717
display  D   display_settings.c:212  debug_display_settings           [   0.02871] color: 32 (rgba 8880), depth: 0, stencil: 0, acc: 0000, samples: 0/0
display  D   display_settings.c:398  _al_score_display_settings       [   0.02873] Single Buffer requirement not met.
display  D   display_settings.c:212  debug_display_settings           [   0.02874] color: 32 (rgba 8880), depth: 0, stencil: 0, acc: 0000, samples: 0/0
display  D   display_settings.c:398  _al_score_display_settings       [   0.02876] Single Buffer requirement not met.
display  D   display_settings.c:212  debug_display_settings           [   0.02877] color: 32 (rgba 8880), depth: 0, stencil: 0, acc: 0000, samples: 2/1
display  D   display_settings.c:398  _al_score_display_settings       [   0.02879] Single Buffer requirement not met.
display  D   display_settings.c:212  debug_display_settings           [   0.02880] color: 32 (rgba 8880), depth: 0, stencil: 0, acc: 0000, samples: 3/1
display  D   display_settings.c:398  _al_score_display_settings       [   0.02882] Single Buffer requirement not met.
display  D   display_settings.c:212  debug_display_settings           [   0.02883] color: 32 (rgba 8880), depth: 0, stencil: 0, acc: 0000, samples: 4/1
display  D   display_settings.c:398  _al_score_display_settings       [   0.02885] Single Buffer requirement not met.
display  D   display_settings.c:212  debug_display_settings           [   0.02887] color: 32 (rgba 8880), depth: 24, stencil: 8, acc: 0000, samples: 0/0
display  D   display_settings.c:398  _al_score_display_settings       [   0.02888] Single Buffer requirement not met.
display  D   display_settings.c:212  debug_display_settings           [   0.02890] color: 32 (rgba 8880), depth: 24, stencil: 8, acc: 0000, samples: 0/0
display  D   display_settings.c:398  _al_score_display_settings       [   0.02891] Single Buffer requirement not met.
display  D   display_settings.c:212  debug_display_settings           [   0.02893] color: 32 (rgba 8880), depth: 24, stencil: 8, acc: 0000, samples: 2/1
display  D   display_settings.c:398  _al_score_display_settings       [   0.02895] Single Buffer requirement not met.
display  D   display_settings.c:212  debug_display_settings           [   0.02896] color: 32 (rgba 8880), depth: 24, stencil: 8, acc: 0000, samples: 3/1
display  D   display_settings.c:398  _al_score_display_settings       [   0.02898] Single Buffer requirement not met.
display  D   display_settings.c:212  debug_display_settings           [   0.02899] color: 32 (rgba 8880), depth: 24, stencil: 8, acc: 0000, samples: 4/1
display  D   display_settings.c:398  _al_score_display_settings       [   0.02901] Single Buffer requirement not met.
display  D   display_settings.c:212  debug_display_settings           [   0.02902] color: 32 (rgba 8880), depth: 24, stencil: 0, acc: 0000, samples: 0/0
display  D   display_settings.c:398  _al_score_display_settings       [   0.02904] Single Buffer requirement not met.
display  D   display_settings.c:212  debug_display_settings           [   0.02905] color: 32 (rgba 8880), depth: 24, stencil: 0, acc: 0000, samples: 0/0
display  D   display_settings.c:398  _al_score_display_settings       [   0.02907] Single Buffer requirement not met.
display  D   display_settings.c:212  debug_display_settings           [   0.02908] color: 32 (rgba 8880), depth: 24, stencil: 0, acc: 0000, samples: 2/1
display  D   display_settings.c:398  _al_score_display_settings       [   0.02910] Single Buffer requirement not met.
display  D   display_settings.c:212  debug_display_settings           [   0.02913] color: 32 (rgba 8880), depth: 24, stencil: 0, acc: 0000, samples: 3/1
display  D   display_settings.c:398  _al_score_display_settings       [   0.02916] Single Buffer requirement not met.
display  D   display_settings.c:212  debug_display_settings           [   0.02917] color: 32 (rgba 8880), depth: 24, stencil: 0, acc: 0000, samples: 4/1
display  D   display_settings.c:398  _al_score_display_settings       [   0.02919] Single Buffer requirement not met.
display  D   display_settings.c:212  debug_display_settings           [   0.02920] color: 32 (rgba 8880), depth: 16, stencil: 0, acc: 0000, samples: 0/0
display  D   display_settings.c:398  _al_score_display_settings       [   0.02922] Single Buffer requirement not met.
display  D   display_settings.c:212  debug_display_settings           [   0.02924] color: 32 (rgba 8880), depth: 16, stencil: 0, acc: 0000, samples: 0/0
display  D   display_settings.c:398  _al_score_display_settings       [   0.02926] Single Buffer requirement not met.
display  D   display_settings.c:212  debug_display_settings           [   0.02927] color: 32 (rgba 8880), depth: 16, stencil: 0, acc: 0000, samples: 2/1
display  D   display_settings.c:398  _al_score_display_settings       [   0.02929] Single Buffer requirement not met.
display  D   display_settings.c:212  debug_display_settings           [   0.02931] color: 32 (rgba 8880), depth: 16, stencil: 0, acc: 0000, samples: 3/1
display  D   display_settings.c:398  _al_score_display_settings       [   0.02932] Single Buffer requirement not met.
display  D   display_settings.c:212  debug_display_settings           [   0.02934] color: 32 (rgba 8880), depth: 16, stencil: 0, acc: 0000, samples: 4/1
display  D   display_settings.c:398  _al_score_display_settings       [   0.02936] Single Buffer requirement not met.
display  D   display_settings.c:212  debug_display_settings           [   0.02937] color: 16 (rgba 5650), depth: 0, stencil: 0, acc: 0000, samples: 0/0
display  D   display_settings.c:398  _al_score_display_settings       [   0.02939] Single Buffer requirement not met.
display  D   display_settings.c:212  debug_display_settings           [   0.02940] color: 16 (rgba 5650), depth: 0, stencil: 0, acc: 0000, samples: 0/0
display  D   display_settings.c:398  _al_score_display_settings       [   0.02942] Single Buffer requirement not met.
display  D   display_settings.c:212  debug_display_settings           [   0.02943] color: 16 (rgba 5650), depth: 0, stencil: 0, acc: 0000, samples: 2/1
display  D   display_settings.c:398  _al_score_display_settings       [   0.02945] Single Buffer requirement not met.
display  D   display_settings.c:212  debug_display_settings           [   0.02947] color: 16 (rgba 5650), depth: 0, stencil: 0, acc: 0000, samples: 3/1
display  D   display_settings.c:398  _al_score_display_settings       [   0.02948] Single Buffer requirement not met.
display  D   display_settings.c:212  debug_display_settings           [   0.02950] color: 16 (rgba 5650), depth: 0, stencil: 0, acc: 0000, samples: 4/1
display  D   display_settings.c:398  _al_score_display_settings       [   0.02952] Single Buffer requirement not met.
display  D   display_settings.c:212  debug_display_settings           [   0.02953] color: 16 (rgba 5650), depth: 24, stencil: 8, acc: 0000, samples: 0/0
display  D   display_settings.c:398  _al_score_display_settings       [   0.02955] Single Buffer requirement not met.
display  D   display_settings.c:212  debug_display_settings           [   0.02956] color: 16 (rgba 5650), depth: 24, stencil: 8, acc: 0000, samples: 0/0
display  D   display_settings.c:398  _al_score_display_settings       [   0.02958] Single Buffer requirement not met.
display  D   display_settings.c:212  debug_display_settings           [   0.02959] color: 16 (rgba 5650), depth: 24, stencil: 8, acc: 0000, samples: 2/1
display  D   display_settings.c:398  _al_score_display_settings       [   0.02961] Single Buffer requirement not met.
display  D   display_settings.c:212  debug_display_settings           [   0.02963] color: 16 (rgba 5650), depth: 24, stencil: 8, acc: 0000, samples: 3/1
display  D   display_settings.c:398  _al_score_display_settings       [   0.02964] Single Buffer requirement not met.
display  D   display_settings.c:212  debug_display_settings           [   0.02966] color: 16 (rgba 5650), depth: 24, stencil: 8, acc: 0000, samples: 4/1
display  D   display_settings.c:398  _al_score_display_settings       [   0.02967] Single Buffer requirement not met.
display  D   display_settings.c:212  debug_display_settings           [   0.02969] color: 16 (rgba 5650), depth: 24, stencil: 0, acc: 0000, samples: 0/0
display  D   display_settings.c:398  _al_score_display_settings       [   0.02970] Single Buffer requirement not met.
display  D   display_settings.c:212  debug_display_settings           [   0.02972] color: 16 (rgba 5650), depth: 24, stencil: 0, acc: 0000, samples: 0/0
display  D   display_settings.c:398  _al_score_display_settings       [   0.02974] Single Buffer requirement not met.
display  D   display_settings.c:212  debug_display_settings           [   0.02975] color: 16 (rgba 5650), depth: 24, stencil: 0, acc: 0000, samples: 2/1
display  D   display_settings.c:398  _al_score_display_settings       [   0.02977] Single Buffer requirement not met.
display  D   display_settings.c:212  debug_display_settings           [   0.02978] color: 16 (rgba 5650), depth: 24, stencil: 0, acc: 0000, samples: 3/1
display  D   display_settings.c:398  _al_score_display_settings       [   0.02980] Single Buffer requirement not met.
display  D   display_settings.c:212  debug_display_settings           [   0.02981] color: 16 (rgba 5650), depth: 24, stencil: 0, acc: 0000, samples: 4/1
display  D   display_settings.c:398  _al_score_display_settings       [   0.02983] Single Buffer requirement not met.
display  D   display_settings.c:212  debug_display_settings           [   0.02984] color: 16 (rgba 5650), depth: 16, stencil: 0, acc: 0000, samples: 0/0
display  D   display_settings.c:398  _al_score_display_settings       [   0.02986] Single Buffer requirement not met.
display  D   display_settings.c:212  debug_display_settings           [   0.02987] color: 16 (rgba 5650), depth: 16, stencil: 0, acc: 0000, samples: 0/0
display  D   display_settings.c:398  _al_score_display_settings       [   0.02989] Single Buffer requirement not met.
display  D   display_settings.c:212  debug_display_settings           [   0.02990] color: 16 (rgba 5650), depth: 16, stencil: 0, acc: 0000, samples: 2/1
display  D   display_settings.c:398  _al_score_display_settings       [   0.02992] Single Buffer requirement not met.
display  D   display_settings.c:212  debug_display_settings           [   0.02993] color: 16 (rgba 5650), depth: 16, stencil: 0, acc: 0000, samples: 3/1
display  D   display_settings.c:398  _al_score_display_settings       [   0.02995] Single Buffer requirement not met.
display  D   display_settings.c:212  debug_display_settings           [   0.02997] color: 16 (rgba 5650), depth: 16, stencil: 0, acc: 0000, samples: 4/1
display  D   display_settings.c:398  _al_score_display_settings       [   0.02999] Single Buffer requirement not met.
display  D   display_settings.c:212  debug_display_settings           [   0.03000] color: 32 (rgba 8880), depth: 0, stencil: 0, acc: 0000, samples: 0/0
display  D   display_settings.c:527  _al_score_display_settings       [   0.03002] Score is : 769
display  D   display_settings.c:212  debug_display_settings           [   0.03003] color: 32 (rgba 8880), depth: 0, stencil: 0, acc: 0000, samples: 0/0
display  D   display_settings.c:527  _al_score_display_settings       [   0.03005] Score is : 769
display  D   display_settings.c:212  debug_display_settings           [   0.03006] color: 32 (rgba 8880), depth: 0, stencil: 0, acc: 0000, samples: 2/1
display  D   display_settings.c:527  _al_score_display_settings       [   0.03008] Score is : 598
display  D   display_settings.c:212  debug_display_settings           [   0.03009] color: 32 (rgba 8880), depth: 0, stencil: 0, acc: 0000, samples: 3/1
display  D   display_settings.c:527  _al_score_display_settings       [   0.03011] Score is : 593
display  D   display_settings.c:212  debug_display_settings           [   0.03014] color: 32 (rgba 8880), depth: 0, stencil: 0, acc: 0000, samples: 4/1
display  D   display_settings.c:527  _al_score_display_settings       [   0.03016] Score is : 589
display  D   display_settings.c:212  debug_display_settings           [   0.03018] color: 32 (rgba 8880), depth: 24, stencil: 8, acc: 0000, samples: 0/0
display  D   display_settings.c:527  _al_score_display_settings       [   0.03019] Score is : 769
display  D   display_settings.c:212  debug_display_settings           [   0.03021] color: 32 (rgba 8880), depth: 24, stencil: 8, acc: 0000, samples: 0/0
display  D   display_settings.c:527  _al_score_display_settings       [   0.03022] Score is : 769
display  D   display_settings.c:212  debug_display_settings           [   0.03024] color: 32 (rgba 8880), depth: 24, stencil: 8, acc: 0000, samples: 2/1
display  D   display_settings.c:527  _al_score_display_settings       [   0.03026] Score is : 598
display  D   display_settings.c:212  debug_display_settings           [   0.03027] color: 32 (rgba 8880), depth: 24, stencil: 8, acc: 0000, samples: 3/1
display  D   display_settings.c:527  _al_score_display_settings       [   0.03029] Score is : 593
display  D   display_settings.c:212  debug_display_settings           [   0.03030] color: 32 (rgba 8880), depth: 24, stencil: 8, acc: 0000, samples: 4/1
display  D   display_settings.c:527  _al_score_display_settings       [   0.03032] Score is : 589
display  D   display_settings.c:212  debug_display_settings           [   0.03033] color: 32 (rgba 8880), depth: 24, stencil: 0, acc: 0000, samples: 0/0
display  D   display_settings.c:527  _al_score_display_settings       [   0.03035] Score is : 769
display  D   display_settings.c:212  debug_display_settings           [   0.03036] color: 32 (rgba 8880), depth: 24, stencil: 0, acc: 0000, samples: 0/0
display  D   display_settings.c:527  _al_score_display_settings       [   0.03037] Score is : 769
display  D   display_settings.c:212  debug_display_settings           [   0.03039] color: 32 (rgba 8880), depth: 24, stencil: 0, acc: 0000, samples: 2/1
display  D   display_settings.c:527  _al_score_display_settings       [   0.03040] Score is : 598
display  D   display_settings.c:212  debug_display_settings           [   0.03042] color: 32 (rgba 8880), depth: 24, stencil: 0, acc: 0000, samples: 3/1
display  D   display_settings.c:527  _al_score_display_settings       [   0.03043] Score is : 593
display  D   display_settings.c:212  debug_display_settings           [   0.03045] color: 32 (rgba 8880), depth: 24, stencil: 0, acc: 0000, samples: 4/1
display  D   display_settings.c:527  _al_score_display_settings       [   0.03046] Score is : 589
display  D   display_settings.c:212  debug_display_settings           [   0.03048] color: 32 (rgba 8880), depth: 16, stencil: 0, acc: 0000, samples: 0/0
display  D   display_settings.c:527  _al_score_display_settings       [   0.03049] Score is : 769
display  D   display_settings.c:212  debug_display_settings           [   0.03051] color: 32 (rgba 8880), depth: 16, stencil: 0, acc: 0000, samples: 0/0
display  D   display_settings.c:527  _al_score_display_settings       [   0.03052] Score is : 769
display  D   display_settings.c:212  debug_display_settings           [   0.03053] color: 32 (rgba 8880), depth: 16, stencil: 0, acc: 0000, samples: 2/1
display  D   display_settings.c:527  _al_score_display_settings       [   0.03055] Score is : 598
display  D   display_settings.c:212  debug_display_settings           [   0.03056] color: 32 (rgba 8880), depth: 16, stencil: 0, acc: 0000, samples: 3/1
display  D   display_settings.c:527  _al_score_display_settings       [   0.03058] Score is : 593
display  D   display_settings.c:212  debug_display_settings           [   0.03059] color: 32 (rgba 8880), depth: 16, stencil: 0, acc: 0000, samples: 4/1
display  D   display_settings.c:527  _al_score_display_settings       [   0.03061] Score is : 589
display  D   display_settings.c:212  debug_display_settings           [   0.03062] color: 16 (rgba 5650), depth: 0, stencil: 0, acc: 0000, samples: 0/0
display  D   display_settings.c:527  _al_score_display_settings       [   0.03064] Score is : 769
display  D   display_settings.c:212  debug_display_settings           [   0.03065] color: 16 (rgba 5650), depth: 0, stencil: 0, acc: 0000, samples: 0/0
display  D   display_settings.c:527  _al_score_display_settings       [   0.03067] Score is : 769
display  D   display_settings.c:212  debug_display_settings           [   0.03068] color: 16 (rgba 5650), depth: 0, stencil: 0, acc: 0000, samples: 2/1
display  D   display_settings.c:527  _al_score_display_settings       [   0.03070] Score is : 598
display  D   display_settings.c:212  debug_display_settings           [   0.03071] color: 16 (rgba 5650), depth: 0, stencil: 0, acc: 0000, samples: 3/1
display  D   display_settings.c:527  _al_score_display_settings       [   0.03073] Score is : 593
display  D   display_settings.c:212  debug_display_settings           [   0.03074] color: 16 (rgba 5650), depth: 0, stencil: 0, acc: 0000, samples: 4/1
display  D   display_settings.c:527  _al_score_display_settings       [   0.03076] Score is : 589
display  D   display_settings.c:212  debug_display_settings           [   0.03077] color: 16 (rgba 5650), depth: 24, stencil: 8, acc: 0000, samples: 0/0
display  D   display_settings.c:527  _al_score_display_settings       [   0.03079] Score is : 769
display  D   display_settings.c:212  debug_display_settings           [   0.03080] color: 16 (rgba 5650), depth: 24, stencil: 8, acc: 0000, samples: 0/0
display  D   display_settings.c:527  _al_score_display_settings       [   0.03082] Score is : 769
display  D   display_settings.c:212  debug_display_settings           [   0.03083] color: 16 (rgba 5650), depth: 24, stencil: 8, acc: 0000, samples: 2/1
display  D   display_settings.c:527  _al_score_display_settings       [   0.03085] Score is : 598
display  D   display_settings.c:212  debug_display_settings           [   0.03086] color: 16 (rgba 5650), depth: 24, stencil: 8, acc: 0000, samples: 3/1
display  D   display_settings.c:527  _al_score_display_settings       [   0.03088] Score is : 593
display  D   display_settings.c:212  debug_display_settings           [   0.03089] color: 16 (rgba 5650), depth: 24, stencil: 8, acc: 0000, samples: 4/1
display  D   display_settings.c:527  _al_score_display_settings       [   0.03091] Score is : 589
display  D   display_settings.c:212  debug_display_settings           [   0.03092] color: 16 (rgba 5650), depth: 24, stencil: 0, acc: 0000, samples: 0/0
display  D   display_settings.c:527  _al_score_display_settings       [   0.03094] Score is : 769
display  D   display_settings.c:212  debug_display_settings           [   0.03095] color: 16 (rgba 5650), depth: 24, stencil: 0, acc: 0000, samples: 0/0
display  D   display_settings.c:527  _al_score_display_settings       [   0.03097] Score is : 769
display  D   display_settings.c:212  debug_display_settings           [   0.03098] color: 16 (rgba 5650), depth: 24, stencil: 0, acc: 0000, samples: 2/1
display  D   display_settings.c:527  _al_score_display_settings       [   0.03100] Score is : 598
display  D   display_settings.c:212  debug_display_settings           [   0.03101] color: 16 (rgba 5650), depth: 24, stencil: 0, acc: 0000, samples: 3/1
display  D   display_settings.c:527  _al_score_display_settings       [   0.03103] Score is : 593
display  D   display_settings.c:212  debug_display_settings           [   0.03105] color: 16 (rgba 5650), depth: 24, stencil: 0, acc: 0000, samples: 4/1
display  D   display_settings.c:527  _al_score_display_settings       [   0.03106] Score is : 589
display  D   display_settings.c:212  debug_display_settings           [   0.03108] color: 16 (rgba 5650), depth: 16, stencil: 0, acc: 0000, samples: 0/0
display  D   display_settings.c:527  _al_score_display_settings       [   0.03109] Score is : 769
display  D   display_settings.c:212  debug_display_settings           [   0.03111] color: 16 (rgba 5650), depth: 16, stencil: 0, acc: 0000, samples: 0/0
display  D   display_settings.c:527  _al_score_display_settings       [   0.03112] Score is : 769
display  D   display_settings.c:212  debug_display_settings           [   0.03114] color: 16 (rgba 5650), depth: 16, stencil: 0, acc: 0000, samples: 2/1
display  D   display_settings.c:527  _al_score_display_settings       [   0.03116] Score is : 598
display  D   display_settings.c:212  debug_display_settings           [   0.03117] color: 16 (rgba 5650), depth: 16, stencil: 0, acc: 0000, samples: 3/1
display  D   display_settings.c:527  _al_score_display_settings       [   0.03119] Score is : 593
display  D   display_settings.c:212  debug_display_settings           [   0.03120] color: 16 (rgba 5650), depth: 16, stencil: 0, acc: 0000, samples: 4/1
display  D   display_settings.c:527  _al_score_display_settings       [   0.03125] Score is : 589
display  D   display_settings.c:212  debug_display_settings           [   0.03127] color: 32 (rgba 8880), depth: 0, stencil: 0, acc: 0000, samples: 0/0
display  D   display_settings.c:398  _al_score_display_settings       [   0.03129] Single Buffer requirement not met.
display  D   display_settings.c:212  debug_display_settings           [   0.03130] color: 32 (rgba 8880), depth: 0, stencil: 0, acc: 0000, samples: 0/0
display  D   display_settings.c:398  _al_score_display_settings       [   0.03132] Single Buffer requirement not met.
display  D   display_settings.c:212  debug_display_settings           [   0.03133] color: 32 (rgba 8880), depth: 0, stencil: 0, acc: 0000, samples: 2/1
display  D   display_settings.c:398  _al_score_display_settings       [   0.03135] Single Buffer requirement not met.
display  D   display_settings.c:212  debug_display_settings           [   0.03136] color: 32 (rgba 8880), depth: 0, stencil: 0, acc: 0000, samples: 3/1
display  D   display_settings.c:398  _al_score_display_settings       [   0.03138] Single Buffer requirement not met.
display  D   display_settings.c:212  debug_display_settings           [   0.03141] color: 32 (rgba 8880), depth: 0, stencil: 0, acc: 0000, samples: 4/1
display  D   display_settings.c:398  _al_score_display_settings       [   0.03143] Single Buffer requirement not met.
display  D   display_settings.c:212  debug_display_settings           [   0.03145] color: 32 (rgba 8880), depth: 24, stencil: 8, acc: 0000, samples: 0/0
display  D   display_settings.c:398  _al_score_display_settings       [   0.03146] Single Buffer requirement not met.
display  D   display_settings.c:212  debug_display_settings           [   0.03148] color: 32 (rgba 8880), depth: 24, stencil: 8, acc: 0000, samples: 0/0
display  D   display_settings.c:398  _al_score_display_settings       [   0.03149] Single Buffer requirement not met.
display  D   display_settings.c:212  debug_display_settings           [   0.03151] color: 32 (rgba 8880), depth: 24, stencil: 8, acc: 0000, samples: 2/1
display  D   display_settings.c:398  _al_score_display_settings       [   0.03152] Single Buffer requirement not met.
display  D   display_settings.c:212  debug_display_settings           [   0.03154] color: 32 (rgba 8880), depth: 24, stencil: 8, acc: 0000, samples: 3/1
display  D   display_settings.c:398  _al_score_display_settings       [   0.03155] Single Buffer requirement not met.
display  D   display_settings.c:212  debug_display_settings           [   0.03157] color: 32 (rgba 8880), depth: 24, stencil: 8, acc: 0000, samples: 4/1
display  D   display_settings.c:398  _al_score_display_settings       [   0.03158] Single Buffer requirement not met.
display  D   display_settings.c:212  debug_display_settings           [   0.03160] color: 32 (rgba 8880), depth: 24, stencil: 0, acc: 0000, samples: 0/0
display  D   display_settings.c:398  _al_score_display_settings       [   0.03161] Single Buffer requirement not met.
display  D   display_settings.c:212  debug_display_settings           [   0.03163] color: 32 (rgba 8880), depth: 24, stencil: 0, acc: 0000, samples: 0/0
display  D   display_settings.c:398  _al_score_display_settings       [   0.03165] Single Buffer requirement not met.
display  D   display_settings.c:212  debug_display_settings           [   0.03166] color: 32 (rgba 8880), depth: 24, stencil: 0, acc: 0000, samples: 2/1
display  D   display_settings.c:398  _al_score_display_settings       [   0.03168] Single Buffer requirement not met.
display  D   display_settings.c:212  debug_display_settings           [   0.03169] color: 32 (rgba 8880), depth: 24, stencil: 0, acc: 0000, samples: 3/1
display  D   display_settings.c:398  _al_score_display_settings       [   0.03171] Single Buffer requirement not met.
display  D   display_settings.c:212  debug_display_settings           [   0.03172] color: 32 (rgba 8880), depth: 24, stencil: 0, acc: 0000, samples: 4/1
display  D   display_settings.c:398  _al_score_display_settings       [   0.03174] Single Buffer requirement not met.
display  D   display_settings.c:212  debug_display_settings           [   0.03175] color: 32 (rgba 8880), depth: 16, stencil: 0, acc: 0000, samples: 0/0
display  D   display_settings.c:398  _al_score_display_settings       [   0.03177] Single Buffer requirement not met.
display  D   display_settings.c:212  debug_display_settings           [   0.03178] color: 32 (rgba 8880), depth: 16, stencil: 0, acc: 0000, samples: 0/0
display  D   display_settings.c:398  _al_score_display_settings       [   0.03180] Single Buffer requirement not met.
display  D   display_settings.c:212  debug_display_settings           [   0.03181] color: 32 (rgba 8880), depth: 16, stencil: 0, acc: 0000, samples: 2/1
display  D   display_settings.c:398  _al_score_display_settings       [   0.03183] Single Buffer requirement not met.
display  D   display_settings.c:212  debug_display_settings           [   0.03184] color: 32 (rgba 8880), depth: 16, stencil: 0, acc: 0000, samples: 3/1
display  D   display_settings.c:398  _al_score_display_settings       [   0.03186] Single Buffer requirement not met.
display  D   display_settings.c:212  debug_display_settings           [   0.03187] color: 32 (rgba 8880), depth: 16, stencil: 0, acc: 0000, samples: 4/1
display  D   display_settings.c:398  _al_score_display_settings       [   0.03189] Single Buffer requirement not met.
display  D   display_settings.c:212  debug_display_settings           [   0.03190] color: 16 (rgba 5650), depth: 0, stencil: 0, acc: 0000, samples: 0/0
display  D   display_settings.c:398  _al_score_display_settings       [   0.03192] Single Buffer requirement not met.
display  D   display_settings.c:212  debug_display_settings           [   0.03193] color: 16 (rgba 5650), depth: 0, stencil: 0, acc: 0000, samples: 0/0
display  D   display_settings.c:398  _al_score_display_settings       [   0.03197] Single Buffer requirement not met.
display  D   display_settings.c:212  debug_display_settings           [   0.03199] color: 16 (rgba 5650), depth: 0, stencil: 0, acc: 0000, samples: 2/1
display  D   display_settings.c:398  _al_score_display_settings       [   0.03200] Single Buffer requirement not met.
display  D   display_settings.c:212  debug_display_settings           [   0.03202] color: 16 (rgba 5650), depth: 0, stencil: 0, acc: 0000, samples: 3/1
display  D   display_settings.c:398  _al_score_display_settings       [   0.03204] Single Buffer requirement not met.
display  D   display_settings.c:212  debug_display_settings           [   0.03205] color: 16 (rgba 5650), depth: 0, stencil: 0, acc: 0000, samples: 4/1
display  D   display_settings.c:398  _al_score_display_settings       [   0.03207] Single Buffer requirement not met.
display  D   display_settings.c:212  debug_display_settings           [   0.03208] color: 16 (rgba 5650), depth: 24, stencil: 8, acc: 0000, samples: 0/0
display  D   display_settings.c:398  _al_score_display_settings       [   0.03210] Single Buffer requirement not met.
display  D   display_settings.c:212  debug_display_settings           [   0.03211] color: 16 (rgba 5650), depth: 24, stencil: 8, acc: 0000, samples: 0/0
display  D   display_settings.c:398  _al_score_display_settings       [   0.03213] Single Buffer requirement not met.
display  D   display_settings.c:212  debug_display_settings           [   0.03215] color: 16 (rgba 5650), depth: 24, stencil: 8, acc: 0000, samples: 2/1
display  D   display_settings.c:398  _al_score_display_settings       [   0.03216] Single Buffer requirement not met.
display  D   display_settings.c:212  debug_display_settings           [   0.03218] color: 16 (rgba 5650), depth: 24, stencil: 8, acc: 0000, samples: 3/1
display  D   display_settings.c:398  _al_score_display_settings       [   0.03219] Single Buffer requirement not met.
display  D   display_settings.c:212  debug_display_settings           [   0.03221] color: 16 (rgba 5650), depth: 24, stencil: 8, acc: 0000, samples: 4/1
display  D   display_settings.c:398  _al_score_display_settings       [   0.03223] Single Buffer requirement not met.
display  D   display_settings.c:212  debug_display_settings           [   0.03224] color: 16 (rgba 5650), depth: 24, stencil: 0, acc: 0000, samples: 0/0
display  D   display_settings.c:398  _al_score_display_settings       [   0.03226] Single Buffer requirement not met.
display  D   display_settings.c:212  debug_display_settings           [   0.03229] color: 16 (rgba 5650), depth: 24, stencil: 0, acc: 0000, samples: 0/0
display  D   display_settings.c:398  _al_score_display_settings       [   0.03231] Single Buffer requirement not met.
display  D   display_settings.c:212  debug_display_settings           [   0.03233] color: 16 (rgba 5650), depth: 24, stencil: 0, acc: 0000, samples: 2/1
display  D   display_settings.c:398  _al_score_display_settings       [   0.03235] Single Buffer requirement not met.
display  D   display_settings.c:212  debug_display_settings           [   0.03236] color: 16 (rgba 5650), depth: 24, stencil: 0, acc: 0000, samples: 3/1
display  D   display_settings.c:398  _al_score_display_settings       [   0.03238] Single Buffer requirement not met.
display  D   display_settings.c:212  debug_display_settings           [   0.03239] color: 16 (rgba 5650), depth: 24, stencil: 0, acc: 0000, samples: 4/1
display  D   display_settings.c:398  _al_score_display_settings       [   0.03255] Single Buffer requirement not met.
display  D   display_settings.c:212  debug_display_settings           [   0.03257] color: 16 (rgba 5650), depth: 16, stencil: 0, acc: 0000, samples: 0/0
display  D   display_settings.c:398  _al_score_display_settings       [   0.03259] Single Buffer requirement not met.
display  D   display_settings.c:212  debug_display_settings           [   0.03260] color: 16 (rgba 5650), depth: 16, stencil: 0, acc: 0000, samples: 0/0
display  D   display_settings.c:398  _al_score_display_settings       [   0.03262] Single Buffer requirement not met.
display  D   display_settings.c:212  debug_display_settings           [   0.03263] color: 16 (rgba 5650), depth: 16, stencil: 0, acc: 0000, samples: 2/1
display  D   display_settings.c:398  _al_score_display_settings       [   0.03265] Single Buffer requirement not met.
display  D   display_settings.c:212  debug_display_settings           [   0.03267] color: 16 (rgba 5650), depth: 16, stencil: 0, acc: 0000, samples: 3/1
display  D   display_settings.c:398  _al_score_display_settings       [   0.03268] Single Buffer requirement not met.
display  D   display_settings.c:212  debug_display_settings           [   0.03270] color: 16 (rgba 5650), depth: 16, stencil: 0, acc: 0000, samples: 4/1
display  D   display_settings.c:398  _al_score_display_settings       [   0.03272] Single Buffer requirement not met.
d3d      D         d3d_disp.cpp:1668 d3d_create_display_internals     [   0.03276] Trying format 0.
d3d      I         d3d_disp.cpp:1344 d3d_display_thread_proc          [   0.03369] Chose a display format: 23
d3d      I         d3d_disp.cpp:1413 d3d_display_thread_proc          [   0.03372] Normal window.
d3d      I         d3d_disp.cpp:781  d3d_create_device                [   0.04991] Using no depth stencil buffer
d3d      D         d3d_disp.cpp:839  d3d_create_device                [   0.16179] BeginScene succeeded in create_device
d3d      D         d3d_disp.cpp:847  d3d_create_device                [   0.16186] Success
d3d      D         d3d_disp.cpp:1691 d3d_create_display_internals     [   0.16204] Resumed after wait.
d3d      I         d3d_disp.cpp:1724 d3d_create_display_internals     [   0.16209] Format 0 succeeded.
d3d      D         d3d_disp.cpp:1755 d3d_create_display_internals     [   0.16212] Returning d3d_display: 02FE6898
d3d      D         d3d_disp.cpp:1780 d3d_create_display_locked        [   0.16214] al_display=02FE6898
d3d      D         d3d_disp.cpp:1781 d3d_create_display_locked        [   0.16215] al_display->vt=00F0DB40
system   D            wsystem.c:802  maybe_parent_dir                 [   0.16234] Also searching C:\Users\Miguel\Desktop\Transformice\
system   D            wsystem.c:852  _al_win_safe_load_library        [   0.16248] PathFindOnPath found: C:\Windows\system32\d3dx9_43.dll
system   D            wsystem.c:763  load_library_at_path             [   0.16250] Calling LoadLibrary C:\Windows\system32\d3dx9_43.dll
system   I            wsystem.c:766  load_library_at_path             [   0.16292] Loaded C:\Windows\system32\d3dx9_43.dll
d3dx9    I        d3d_d3dx9.cpp:88   _imp_load_d3dx9_module_version   [   0.16296] Module "d3dx9_43.dll" loaded.
d3d      I         d3d_disp.cpp:901  d3d_destroy_display              [   2.16636] destroying display 02FE6898 (current 00000000)
d3d      D         d3d_disp.cpp:885  d3d_destroy_display_internals    [   2.16850] waiting for display 02FE6898's thread to end
d3d      W         d3d_disp.cpp:595  d3d_destroy_device               [   2.17716] d3d_destroy_device: ref count not 0
d3d      I         d3d_disp.cpp:1548 d3d_display_thread_proc          [   2.18644] d3d display thread exits
